<?xml version="1.0" encoding="UTF-8"?>
<!-- Generated by org.testng.reporters.JUnitReportReporter -->
<testsuite skipped="0" hostname="LAPTOP-I5MPUN7Q" name="com.tests.LoginTest" tests="1" failures="0" timestamp="2022-04-21T15:28:59 IST" time="11.630" errors="0">
  <testcase name="validateTitle" time="11.630" classname="com.tests.LoginTest"/>
  <system-out/>
</testsuite> <!-- com.tests.LoginTest -->
